<?xml version="1.0" encoding="UTF-8"?>
<testsuite xmlns:xsi="http://www.w3.org/2001/XMLSchema-instance" xsi:noNamespaceSchemaLocation="https://maven.apache.org/surefire/maven-surefire-plugin/xsd/surefire-test-report-3.0.xsd" version="3.0" name="sanatorium.SanatoriumUiTest" time="148.147" tests="6" errors="0" skipped="0" failures="0">
  <properties>
[...]
</properties>
  <testcase name="guestShouldCreateBookingAndPayFirstPayment" classname="sanatorium.SanatoriumUiTest" time="48.649">
    <system-out><![CDATA[==================================================
Подготовка браузера перед тестом
==================================================
Браузер Chrome успешно открыт

[ПАУЗА]  (2500 мс)
Запущен тест: guestShouldCreateBookingAndPayFirstPayment
Что проверяем: Проверяем вход гостя, создание бронирования и оплату первого платежа.
--------------------------------------------------
[ШАГ] Входим в личный кабинет тестовым пользователем
[OK] Открыта страница: /login.html
[ПАУЗА] Загруженная страница открыта для просмотра (2000 мс)
[OK] Поле заполнено: By.name: login -> guest@example.com
[ПАУЗА] Смотрим введённое значение (1200 мс)
[OK] Поле заполнено: By.name: password -> 123456
[ПАУЗА] Смотрим введённое значение (1200 мс)
[OK] Нажата кнопка: Войти
[ПАУЗА] Смотрим результат нажатия кнопки (1200 мс)
[OK] Найден ожидаемый текст на странице
[ПАУЗА] Даём время увидеть сообщение на странице (1200 мс)
[ПАУЗА] Можно посмотреть личный кабинет после входа (2500 мс)
[ШАГ] Открываем страницу бронирования
[OK] Открыта страница: /booking.html
[ПАУЗА] Загруженная страница открыта для просмотра (2000 мс)
[ПАУЗА] Смотрим первый шаг мастера бронирования (2500 мс)
[ШАГ] Шаг 1. Заполняем даты и параметры поездки
[ПАУЗА] Поле очищено (500 мс)
[OK] Поле очищено и заполнено: By.name: checkIn -> 05-10
[ПАУЗА] Смотрим новое значение поля (1200 мс)
[ПАУЗА] Поле очищено (500 мс)
[OK] Поле очищено и заполнено: By.name: checkOut -> 05-15
[ПАУЗА] Смотрим новое значение поля (1200 мс)
[OK] Выбрано количество гостей: 2
[ПАУЗА] Смотрим выбранное количество гостей (1200 мс)
[OK] Выбрана цель поездки: Оздоровительный отдых
[ПАУЗА] Смотрим заполненный первый шаг (1200 мс)
[OK] Выполнен переход на следующий шаг мастера бронирования
[ПАУЗА] Смотрим следующий шаг мастера (2500 мс)
[ШАГ] Шаг 2. Выбираем номер Комфорт
[OK] Выбран вариант: Комфорт
[ПАУЗА] Смотрим выбранный radio-вариант (1200 мс)
[OK] Выполнен переход на следующий шаг мастера бронирования
[ПАУЗА] Смотрим следующий шаг мастера (2500 мс)
[ШАГ] Шаг 3. Отмечаем дополнительный массаж
[OK] Отмечена дополнительная услуга: массаж
[ПАУЗА] Смотрим выбранные дополнительные услуги (1200 мс)
[OK] Выполнен переход на следующий шаг мастера бронирования
[ПАУЗА] Смотрим следующий шаг мастера (2500 мс)
[ШАГ] Шаг 4. Заполняем контактные данные
[ПАУЗА] Поле очищено (500 мс)
[OK] Поле очищено и заполнено: By.name: fullName -> Иван Иванов
[ПАУЗА] Смотрим новое значение поля (1200 мс)
[ПАУЗА] Поле очищено (500 мс)
[OK] Поле очищено и заполнено: By.name: phone -> +79001234567
[ПАУЗА] Смотрим новое значение поля (1200 мс)
[ПАУЗА] Поле очищено (500 мс)
[OK] Поле очищено и заполнено: By.name: email -> guest@example.com
[ПАУЗА] Смотрим новое значение поля (1200 мс)
[ПАУЗА] Поле очищено (500 мс)
[OK] Поле очищено и заполнено: By.name: comment -> Бронирование из UI теста
[ПАУЗА] Смотрим новое значение поля (1200 мс)
[ПАУЗА] Смотрим заполненные контактные данные (2500 мс)
[OK] Выполнен переход на следующий шаг мастера бронирования
[ПАУЗА] Смотрим следующий шаг мастера (2500 мс)
[ШАГ] Шаг 5. Подтверждаем бронирование
[OK] Нажата кнопка: Подтвердить бронирование
[ПАУЗА] Смотрим результат нажатия кнопки (1200 мс)
--------------------------------------------------
Результат: ТЕСТ ПРОЙДЕН
Тест guestShouldCreateBookingAndPayFirstPayment завершился успешно

Завершение теста. Закрываю браузер.
[ПАУЗА] Небольшая пауза перед закрытием браузера (1200 мс)
Браузер закрыт
==================================================

]]></system-out>
    <system-err><![CDATA[мар. 26, 2026 8:17:47 AM org.openqa.selenium.devtools.CdpVersionFinder findNearestMatch
WARNING: Unable to find CDP implementation matching 146
мар. 26, 2026 8:17:47 AM org.openqa.selenium.chromium.ChromiumDriver lambda$new$5
WARNING: Unable to find version of CDP to use for 146.0.7680.154. You may need to include a dependency on a specific version of the CDP using something similar to `org.seleniumhq.selenium:selenium-devtools-v86:4.17.0` where the version ("v86") matches the version of the chromium-based browser you're using and the version number of the artifact is the same as Selenium's.
]]></system-err>
  </testcase>
  <testcase name="reviewFormShouldSaveReview" classname="sanatorium.SanatoriumUiTest" time="15.411">
    <system-out><![CDATA[==================================================
Подготовка браузера перед тестом
==================================================
Браузер Chrome успешно открыт

[ПАУЗА]  (2500 мс)
Запущен тест: reviewFormShouldSaveReview
Что проверяем: Проверяем отправку отзыва через публичную страницу отзывов.
--------------------------------------------------
[ШАГ] Открываем страницу отзывов
[OK] Открыта страница: /reviews.html
[ПАУЗА] Загруженная страница открыта для просмотра (2000 мс)
[ШАГ] Заполняем имя и текст отзыва
[OK] Поле заполнено: By.name: name -> Тестовый гость 1774502318134
[ПАУЗА] Смотрим введённое значение (1200 мс)
[OK] Поле заполнено: By.name: review -> Очень понравился интерфейс сайта и структура личного кабинета.
[ПАУЗА] Смотрим введённое значение (1200 мс)
[ШАГ] Выбираем максимальную оценку
[OK] Выбрана оценка для отзыва
[ПАУЗА] Смотрим заполненную форму отзыва (1200 мс)
[ШАГ] Отправляем отзыв
[OK] Нажата кнопка: Отправить отзыв
[ПАУЗА] Смотрим результат нажатия кнопки (1200 мс)
[ШАГ] Проверяем сообщение об успешном сохранении
[OK] Найден ожидаемый текст на странице
[ПАУЗА] Даём время увидеть сообщение на странице (1200 мс)
[ПАУЗА] Можно посмотреть результат отправки отзыва (2500 мс)
--------------------------------------------------
Результат: ТЕСТ ПРОЙДЕН
Тест reviewFormShouldSaveReview завершился успешно

Завершение теста. Закрываю браузер.
[ПАУЗА] Небольшая пауза перед закрытием браузера (1200 мс)
Браузер закрыт
==================================================

]]></system-out>
    <system-err><![CDATA[мар. 26, 2026 8:18:35 AM org.openqa.selenium.devtools.CdpVersionFinder findNearestMatch
WARNING: Unable to find CDP implementation matching 146
мар. 26, 2026 8:18:35 AM org.openqa.selenium.chromium.ChromiumDriver lambda$new$5
WARNING: Unable to find version of CDP to use for 146.0.7680.154. You may need to include a dependency on a specific version of the CDP using something similar to `org.seleniumhq.selenium:selenium-devtools-v86:4.17.0` where the version ("v86") matches the version of the chromium-based browser you're using and the version number of the artifact is the same as Selenium's.
]]></system-err>
  </testcase>
  <testcase name="mainPageShouldOpen" classname="sanatorium.SanatoriumUiTest" time="10.365">
    <system-out><![CDATA[==================================================
Подготовка браузера перед тестом
==================================================
Браузер Chrome успешно открыт

[ПАУЗА]  (2500 мс)
Запущен тест: mainPageShouldOpen
Что проверяем: Проверяем, что главная страница открывается и содержит основные элементы интерфейса.
--------------------------------------------------
[ШАГ] Открываем главную страницу
[OK] Открыта страница: /index.html
[ПАУЗА] Загруженная страница открыта для просмотра (2000 мс)
[ШАГ] Ждём корректный заголовок страницы
[ПАУЗА] Смотрим заголовок и верхнюю часть страницы (1200 мс)
[ШАГ] Проверяем наличие основного текста и кнопок
[ПАУЗА] Можно посмотреть главный экран перед окончанием теста (2500 мс)
--------------------------------------------------
Результат: ТЕСТ ПРОЙДЕН
Тест mainPageShouldOpen завершился успешно

Завершение теста. Закрываю браузер.
[ПАУЗА] Небольшая пауза перед закрытием браузера (1200 мс)
Браузер закрыт
==================================================

]]></system-out>
    <system-err><![CDATA[мар. 26, 2026 8:18:51 AM org.openqa.selenium.devtools.CdpVersionFinder findNearestMatch
WARNING: Unable to find CDP implementation matching 146
мар. 26, 2026 8:18:51 AM org.openqa.selenium.chromium.ChromiumDriver lambda$new$5
WARNING: Unable to find version of CDP to use for 146.0.7680.154. You may need to include a dependency on a specific version of the CDP using something similar to `org.seleniumhq.selenium:selenium-devtools-v86:4.17.0` where the version ("v86") matches the version of the chromium-based browser you're using and the version number of the artifact is the same as Selenium's.
]]></system-err>
  </testcase>
  <testcase name="registrationShouldCreateAccount" classname="sanatorium.SanatoriumUiTest" time="20.388">
    <system-out><![CDATA[==================================================
Подготовка браузера перед тестом
==================================================
Браузер Chrome успешно открыт

[ПАУЗА]  (2500 мс)
Запущен тест: registrationShouldCreateAccount
Что проверяем: Проверяем регистрацию нового пользователя через форму сайта.
--------------------------------------------------
[ШАГ] Открываем страницу регистрации
[OK] Открыта страница: /register.html
[ПАУЗА] Загруженная страница открыта для просмотра (2000 мс)
[ШАГ] Заполняем форму регистрации новыми данными
[OK] Поле заполнено: By.name: firstName -> Петя
[ПАУЗА] Смотрим введённое значение (1200 мс)
[OK] Поле заполнено: By.name: lastName -> Петров
[ПАУЗА] Смотрим введённое значение (1200 мс)
[OK] Поле заполнено: By.name: email -> student1774502343925@test.ru
[ПАУЗА] Смотрим введённое значение (1200 мс)
[OK] Поле заполнено: By.name: phone -> +74502343926
[ПАУЗА] Смотрим введённое значение (1200 мс)
[OK] Поле заполнено: By.name: password -> 12345678
[ПАУЗА] Смотрим введённое значение (1200 мс)
[OK] Поле заполнено: By.name: repeatPassword -> 12345678
[ПАУЗА] Смотрим введённое значение (1200 мс)
[OK] Поле заполнено: By.name: comment -> Регистрация через UI тест
[ПАУЗА] Смотрим введённое значение (1200 мс)
[ШАГ] Проверяем галочку согласия
[ШАГ] Отправляем форму регистрации
[OK] Нажата кнопка: Создать аккаунт
[ПАУЗА] Смотрим результат нажатия кнопки (1200 мс)
[ШАГ] Проверяем успешный переход в личный кабинет
[OK] Найден ожидаемый текст на странице
[ПАУЗА] Даём время увидеть сообщение на странице (1200 мс)
[ПАУЗА] Можно посмотреть, что регистрация привела в личный кабинет (2500 мс)
--------------------------------------------------
Результат: ТЕСТ ПРОЙДЕН
Тест registrationShouldCreateAccount завершился успешно

Завершение теста. Закрываю браузер.
[ПАУЗА] Небольшая пауза перед закрытием браузера (1200 мс)
Браузер закрыт
==================================================

]]></system-out>
    <system-err><![CDATA[мар. 26, 2026 8:19:01 AM org.openqa.selenium.devtools.CdpVersionFinder findNearestMatch
WARNING: Unable to find CDP implementation matching 146
мар. 26, 2026 8:19:01 AM org.openqa.selenium.chromium.ChromiumDriver lambda$new$5
WARNING: Unable to find version of CDP to use for 146.0.7680.154. You may need to include a dependency on a specific version of the CDP using something similar to `org.seleniumhq.selenium:selenium-devtools-v86:4.17.0` where the version ("v86") matches the version of the chromium-based browser you're using and the version number of the artifact is the same as Selenium's.
]]></system-err>
  </testcase>
  <testcase name="guestShouldUpdateProfileAndSendSupportMessage" classname="sanatorium.SanatoriumUiTest" time="39.217">
    <system-out><![CDATA[==================================================
Подготовка браузера перед тестом
==================================================
Браузер Chrome успешно открыт

[ПАУЗА]  (2500 мс)
Запущен тест: guestShouldUpdateProfileAndSendSupportMessage
Что проверяем: Проверяем редактирование профиля и отправку обращения в поддержку.
--------------------------------------------------
[ШАГ] Входим в личный кабинет тестовым пользователем
[OK] Открыта страница: /login.html
[ПАУЗА] Загруженная страница открыта для просмотра (2000 мс)
[OK] Поле заполнено: By.name: login -> guest@example.com
[ПАУЗА] Смотрим введённое значение (1200 мс)
[OK] Поле заполнено: By.name: password -> 123456
[ПАУЗА] Смотрим введённое значение (1200 мс)
[OK] Нажата кнопка: Войти
[ПАУЗА] Смотрим результат нажатия кнопки (1200 мс)
[OK] Найден ожидаемый текст на странице
[ПАУЗА] Даём время увидеть сообщение на странице (1200 мс)
[ПАУЗА] Можно посмотреть личный кабинет после входа (2500 мс)
[ШАГ] Открываем страницу профиля
[OK] Открыта страница: /cabinet/profile.html
[ПАУЗА] Загруженная страница открыта для просмотра (2000 мс)
[ШАГ] Меняем город и комментарий
[ПАУЗА] Поле очищено (500 мс)
[OK] Поле очищено и заполнено: By.name: city -> Москва
[ПАУЗА] Смотрим новое значение поля (1200 мс)
[ПАУЗА] Поле очищено (500 мс)
[OK] Поле очищено и заполнено: By.name: comment -> Хочу номер потише и процедуры утром.
[ПАУЗА] Смотрим новое значение поля (1200 мс)
[ПАУЗА] Смотрим обновлённые данные профиля (1200 мс)
[ШАГ] Сохраняем профиль
[OK] Нажата кнопка: Сохранить изменения
[ПАУЗА] Смотрим результат нажатия кнопки (1200 мс)
[ШАГ] Проверяем, что профиль сохранился
[OK] Найден ожидаемый текст на странице
[ПАУЗА] Даём время увидеть сообщение на странице (1200 мс)
[ПАУЗА] Можно посмотреть результат сохранения профиля (2500 мс)
[ШАГ] Открываем страницу поддержки
[OK] Открыта страница: /cabinet/support.html
[ПАУЗА] Загруженная страница открыта для просмотра (2000 мс)
[ШАГ] Заполняем форму обращения
[OK] Поле заполнено: By.name: subject -> Вопрос по оплате 1774502364319
[ПАУЗА] Смотрим введённое значение (1200 мс)
[OK] Выбрана категория обращения
[ПАУЗА] Смотрим выбранную категорию (1200 мс)
[OK] Поле заполнено: By.name: message -> Подскажите, когда лучше вносить оставшуюся сумму?
[ПАУЗА] Смотрим введённое значение (1200 мс)
[ПАУЗА] Смотрим заполненную форму обращения (2500 мс)
[ШАГ] Отправляем обращение
[OK] Нажата кнопка: Отправить обращение
[ПАУЗА] Смотрим результат нажатия кнопки (1200 мс)
[ШАГ] Проверяем сообщение об успешной отправке
[OK] Найден ожидаемый текст на странице
[ПАУЗА] Даём время увидеть сообщение на странице (1200 мс)
[ПАУЗА] Можно посмотреть итог отправки обращения (2500 мс)
--------------------------------------------------
Результат: ТЕСТ ПРОЙДЕН
Тест guestShouldUpdateProfileAndSendSupportMessage завершился успешно

Завершение теста. Закрываю браузер.
[ПАУЗА] Небольшая пауза перед закрытием браузера (1200 мс)
Браузер закрыт
==================================================

]]></system-out>
    <system-err><![CDATA[мар. 26, 2026 8:19:21 AM org.openqa.selenium.devtools.CdpVersionFinder findNearestMatch
WARNING: Unable to find CDP implementation matching 146
мар. 26, 2026 8:19:21 AM org.openqa.selenium.chromium.ChromiumDriver lambda$new$5
WARNING: Unable to find version of CDP to use for 146.0.7680.154. You may need to include a dependency on a specific version of the CDP using something similar to `org.seleniumhq.selenium:selenium-devtools-v86:4.17.0` where the version ("v86") matches the version of the chromium-based browser you're using and the version number of the artifact is the same as Selenium's.
]]></system-err>
  </testcase>
  <testcase name="loginWithWrongPasswordShouldShowError" classname="sanatorium.SanatoriumUiTest" time="14.097">
    <system-out><![CDATA[==================================================
Подготовка браузера перед тестом
==================================================
Браузер Chrome успешно открыт

[ПАУЗА]  (2500 мс)
Запущен тест: loginWithWrongPasswordShouldShowError
Что проверяем: Проверяем, что при неверном пароле сайт показывает сообщение об ошибке входа.
--------------------------------------------------
[ШАГ] Открываем страницу входа
[OK] Открыта страница: /login.html
[ПАУЗА] Загруженная страница открыта для просмотра (2000 мс)
[ШАГ] Вводим логин и неверный пароль
[OK] Поле заполнено: By.name: login -> guest@example.com
[ПАУЗА] Смотрим введённое значение (1200 мс)
[OK] Поле заполнено: By.name: password -> wrong-password
[ПАУЗА] Смотрим введённое значение (1200 мс)
[ШАГ] Нажимаем кнопку входа
[OK] Нажата кнопка: Войти
[ПАУЗА] Смотрим результат нажатия кнопки (1200 мс)
[ШАГ] Проверяем сообщение об ошибке
[OK] Найден ожидаемый текст на странице
[ПАУЗА] Даём время увидеть сообщение на странице (1200 мс)
[ПАУЗА] Смотрим сообщение об ошибке на странице входа (2500 мс)
--------------------------------------------------
Результат: ТЕСТ ПРОЙДЕН
Тест loginWithWrongPasswordShouldShowError завершился успешно

Завершение теста. Закрываю браузер.
[ПАУЗА] Небольшая пауза перед закрытием браузера (1200 мс)
Браузер закрыт
==================================================

]]></system-out>
    <system-err><![CDATA[мар. 26, 2026 8:20:00 AM org.openqa.selenium.devtools.CdpVersionFinder findNearestMatch
WARNING: Unable to find CDP implementation matching 146
мар. 26, 2026 8:20:00 AM org.openqa.selenium.chromium.ChromiumDriver lambda$new$5
WARNING: Unable to find version of CDP to use for 146.0.7680.154. You may need to include a dependency on a specific version of the CDP using something similar to `org.seleniumhq.selenium:selenium-devtools-v86:4.17.0` where the version ("v86") matches the version of the chromium-based browser you're using and the version number of the artifact is the same as Selenium's.
]]></system-err>
  </testcase>
</testsuite>